Watching for file changes with StatReloader
[09/May/2026 16:10:29] "GET / HTTP/1.1" 200 7659
[09/May/2026 16:10:29,513] - Broken pipe from ('127.0.0.1', 54001)
[09/May/2026 16:11:01] "GET / HTTP/1.1" 200 7655
[09/May/2026 16:11:01,828] - Broken pipe from ('127.0.0.1', 54009)
D:\Projects-own\Online Code Judge Platform\codesentinel\settings.py changed, reloading.
Watching for file changes with StatReloader
[09/May/2026 16:22:57] "GET / HTTP/1.1" 200 7655
[09/May/2026 16:22:57] "GET /static/css/style.css HTTP/1.1" 200 17882
[09/May/2026 16:22:57] "GET /static/js/main.js HTTP/1.1" 200 2022
Not Found: /favicon.ico
[09/May/2026 16:22:57] "GET /favicon.ico HTTP/1.1" 404 2832
[09/May/2026 16:24:28] "GET /accounts/register/ HTTP/1.1" 200 5742
[09/May/2026 16:24:44] "GET /accounts/login/ HTTP/1.1" 200 3822
[09/May/2026 16:24:44] "GET /static/css/style.css HTTP/1.1" 304 0
[09/May/2026 16:24:44] "GET /static/js/main.js HTTP/1.1" 304 0
[09/May/2026 16:24:53] "GET /problems/ HTTP/1.1" 200 5979
[09/May/2026 16:36:24] "GET /problems/ HTTP/1.1" 200 6441
[09/May/2026 16:36:25,023] - Broken pipe from ('127.0.0.1', 53475)
[09/May/2026 16:37:45] "GET /problems/ HTTP/1.1" 200 6441
[09/May/2026 16:37:45] "GET /static/css/style.css HTTP/1.1" 200 20536
[09/May/2026 16:37:45] "GET /static/js/main.js HTTP/1.1" 304 0
[09/May/2026 16:37:47] "GET /problems/ HTTP/1.1" 200 6441
[09/May/2026 16:37:48] "GET /problems/ HTTP/1.1" 200 6441
[09/May/2026 16:37:51] "GET /problems/ HTTP/1.1" 200 6441
[09/May/2026 16:37:52] "GET /problems/ HTTP/1.1" 200 6441
[09/May/2026 16:37:53] "GET /problems/ HTTP/1.1" 200 6441
[09/May/2026 16:37:54] "GET /accounts/login/ HTTP/1.1" 200 3822
[09/May/2026 16:37:54] "GET /static/css/style.css HTTP/1.1" 304 0
[09/May/2026 16:37:55] "GET /accounts/register/ HTTP/1.1" 200 5742
[09/May/2026 16:37:55] "GET /accounts/login/ HTTP/1.1" 200 3822
[09/May/2026 16:37:56] "GET /problems/ HTTP/1.1" 200 6441
[09/May/2026 16:37:59] "GET /accounts/login/ HTTP/1.1" 200 3822
[09/May/2026 16:38:00] "GET /problems/ HTTP/1.1" 200 6441
[09/May/2026 16:38:03] "GET /accounts/login/ HTTP/1.1" 200 3822
[09/May/2026 16:38:04] "GET /static/css/style.css HTTP/1.1" 304 0
[09/May/2026 16:38:04] "GET /problems/ HTTP/1.1" 200 6441
[09/May/2026 16:38:05] "GET /accounts/register/ HTTP/1.1" 200 5742
[09/May/2026 16:38:07] "GET /accounts/login/ HTTP/1.1" 200 3822
[09/May/2026 16:38:08] "GET /problems/ HTTP/1.1" 200 6441
[09/May/2026 16:38:10] "GET / HTTP/1.1" 200 7655
[09/May/2026 16:40:12] "GET /problems/ HTTP/1.1" 200 6441
[09/May/2026 16:40:12] "GET /static/css/style.css HTTP/1.1" 304 0
[09/May/2026 16:40:56] "GET /problems/sum-of-two-numbers/solve/ HTTP/1.1" 302 0
[09/May/2026 16:40:56] "GET /accounts/login/?next=/problems/sum-of-two-numbers/solve/ HTTP/1.1" 200 3822
[09/May/2026 16:40:56] "GET /static/css/style.css HTTP/1.1" 304 0
[09/May/2026 16:40:56] "GET /static/js/main.js HTTP/1.1" 304 0
[09/May/2026 16:45:38] "GET /problems/ HTTP/1.1" 200 46026
[09/May/2026 16:45:38,491] - Broken pipe from ('127.0.0.1', 65377)
[09/May/2026 16:46:03] "GET /problems/ HTTP/1.1" 200 46071
[09/May/2026 16:46:03,321] - Broken pipe from ('127.0.0.1', 65378)
[09/May/2026 16:47:30] "GET /problems/ HTTP/1.1" 200 46071
[09/May/2026 16:47:30] "GET /static/css/style.css HTTP/1.1" 304 0
[09/May/2026 16:47:30] "GET /static/js/main.js HTTP/1.1" 304 0
[09/May/2026 17:05:49] "GET /problems/ HTTP/1.1" 200 119461
[09/May/2026 17:05:49,943] - Broken pipe from ('127.0.0.1', 60496)
[09/May/2026 17:06:01] "GET /problems/?q=array HTTP/1.1" 200 46861
[09/May/2026 17:06:01] "GET /problems/?difficulty=easy HTTP/1.1" 200 51425
[09/May/2026 17:06:01,405] - Broken pipe from ('127.0.0.1', 60502)
[09/May/2026 17:06:01,456] - Broken pipe from ('127.0.0.1', 60503)
[09/May/2026 17:07:56] "GET /problems/ HTTP/1.1" 200 119461
[09/May/2026 17:07:56] "GET /static/js/main.js HTTP/1.1" 304 0
[09/May/2026 17:07:56] "GET /static/css/style.css HTTP/1.1" 200 27746
[09/May/2026 17:18:48] "GET /problems/ HTTP/1.1" 200 119461
[09/May/2026 17:18:48] "GET /static/css/style.css HTTP/1.1" 200 28779
[09/May/2026 17:18:48] "GET /static/js/main.js HTTP/1.1" 304 0
[09/May/2026 17:37:07] "GET /problems/ HTTP/1.1" 200 119461
[09/May/2026 17:37:07] "GET /static/css/style.css HTTP/1.1" 200 32974
[09/May/2026 17:37:07] "GET /static/js/main.js HTTP/1.1" 200 2022
Not Found: /favicon.ico
[09/May/2026 17:37:07] "GET /favicon.ico HTTP/1.1" 404 2832
[09/May/2026 17:37:36] "GET /accounts/login/ HTTP/1.1" 200 3822
[09/May/2026 17:37:37] "GET /static/css/style.css HTTP/1.1" 304 0
[09/May/2026 17:39:01] "GET /problems/ HTTP/1.1" 200 119461
[09/May/2026 17:39:01] "GET /static/css/style.css HTTP/1.1" 304 0
[09/May/2026 17:39:30] "GET /accounts/login/ HTTP/1.1" 200 3822
[09/May/2026 17:39:31] "GET /static/css/style.css HTTP/1.1" 304 0
[09/May/2026 17:39:49] "GET /problems/ HTTP/1.1" 200 119461
[09/May/2026 17:52:18] "GET /problems/ HTTP/1.1" 200 119461
[09/May/2026 17:52:18] "GET /static/js/main.js HTTP/1.1" 304 0
[09/May/2026 17:52:18] "GET /static/css/style.css HTTP/1.1" 200 32974
[09/May/2026 17:52:30] "GET / HTTP/1.1" 200 7656
[09/May/2026 17:52:40] "GET /problems/ HTTP/1.1" 200 119461
[09/May/2026 17:58:50] "GET /problems/ HTTP/1.1" 200 119461
[09/May/2026 17:58:50] "GET /static/js/main.js HTTP/1.1" 304 0
[09/May/2026 17:58:50] "GET /static/css/style.css HTTP/1.1" 200 34411
[09/May/2026 18:00:05] "GET /problems/ HTTP/1.1" 200 119461
[09/May/2026 18:00:05] "GET /static/css/style.css HTTP/1.1" 304 0
[09/May/2026 18:02:08] "GET /problems/ HTTP/1.1" 200 119461
[09/May/2026 18:02:08] "GET /static/css/style.css HTTP/1.1" 200 35079
[09/May/2026 18:03:13] "GET /accounts/login/ HTTP/1.1" 200 3822
[09/May/2026 18:03:13] "GET /static/css/style.css HTTP/1.1" 304 0
[09/May/2026 18:03:30] "GET /problems/ HTTP/1.1" 200 119461
[09/May/2026 18:03:31] "GET /static/css/style.css HTTP/1.1" 304 0
Not Found: /MediFind - v1/admin/login.php
[09/May/2026 18:06:28] "GET /MediFind%20-%20v1/admin/login.php HTTP/1.1" 404 2890
Not Found: /MediFind - v1/index.php
[09/May/2026 18:07:02] "GET /MediFind%20-%20v1/index.php HTTP/1.1" 404 2872
[09/May/2026 18:20:21] "GET /problems/ HTTP/1.1" 200 119461
[09/May/2026 18:20:21] "GET /static/css/style.css HTTP/1.1" 200 35079
[09/May/2026 18:20:22] "GET /static/js/main.js HTTP/1.1" 304 0
[09/May/2026 18:20:42] "GET /problems/ HTTP/1.1" 200 119461
[09/May/2026 18:20:45] "GET / HTTP/1.1" 200 7656
[09/May/2026 18:20:50] "GET /problems/ HTTP/1.1" 200 119461
[09/May/2026 18:20:55] "GET /problems/sum-of-two-numbers/solve/ HTTP/1.1" 302 0
[09/May/2026 18:20:55] "GET /accounts/login/?next=/problems/sum-of-two-numbers/solve/ HTTP/1.1" 200 3822
[09/May/2026 18:26:20] "GET /problems/ HTTP/1.1" 200 119461
[09/May/2026 18:26:20] "GET /static/css/style.css HTTP/1.1" 304 0
[09/May/2026 18:38:49] "GET / HTTP/1.1" 200 7656
[09/May/2026 18:38:49] "GET /static/js/main.js HTTP/1.1" 304 0
[09/May/2026 18:38:49] "GET /static/css/style.css HTTP/1.1" 304 0
[09/May/2026 18:38:55] "GET /problems/ HTTP/1.1" 200 119461
[09/May/2026 18:39:15] "GET / HTTP/1.1" 200 7656
Not Found: /:String
[09/May/2026 18:47:47] "GET /:String HTTP/1.1" 404 2820
Not Found: /favicon.ico
[09/May/2026 18:47:47] "GET /favicon.ico HTTP/1.1" 404 2832
[09/May/2026 18:48:09] "GET / HTTP/1.1" 200 7656
[09/May/2026 18:48:09] "GET /static/css/style.css HTTP/1.1" 200 35079
[09/May/2026 18:48:09] "GET /static/js/main.js HTTP/1.1" 200 2022
[09/May/2026 18:48:24] "GET / HTTP/1.1" 200 7656
Not Found: /index.php
[09/May/2026 18:50:06] "GET /index.php HTTP/1.1" 404 2826
[09/May/2026 19:00:09] "GET /problems/ HTTP/1.1" 200 119461
[09/May/2026 19:00:09] "GET /static/css/style.css HTTP/1.1" 304 0
[09/May/2026 19:00:32] "GET /problems/sum-of-two-numbers/solve/ HTTP/1.1" 302 0
[09/May/2026 19:00:32] "GET /accounts/login/?next=/problems/sum-of-two-numbers/solve/ HTTP/1.1" 200 3822
[09/May/2026 19:00:46] "POST /accounts/login/?next=/problems/sum-of-two-numbers/solve/ HTTP/1.1" 200 4283
[09/May/2026 19:01:01] "POST /accounts/login/?next=/problems/sum-of-two-numbers/solve/ HTTP/1.1" 200 4283
[09/May/2026 19:01:02] "GET /accounts/register/ HTTP/1.1" 200 5742
[09/May/2026 19:01:56] "POST /accounts/register/ HTTP/1.1" 302 0
[09/May/2026 19:01:56] "GET /accounts/dashboard/ HTTP/1.1" 200 5578
[09/May/2026 19:02:05] "GET /problems/ HTTP/1.1" 200 119603
[09/May/2026 19:02:07] "GET /problems/sum-of-two-numbers/solve/ HTTP/1.1" 200 5508
[09/May/2026 19:02:07] "GET /static/js/editor.js HTTP/1.1" 200 6244
Not Found: /.well-known/appspecific/com.chrome.devtools.json
[09/May/2026 19:02:35] "GET /.well-known/appspecific/com.chrome.devtools.json HTTP/1.1" 404 2943
[09/May/2026 19:06:13] "GET /problems/ HTTP/1.1" 200 119603
[09/May/2026 19:06:13] "GET /static/css/style.css HTTP/1.1" 304 0
[09/May/2026 19:06:13] "GET /static/js/main.js HTTP/1.1" 304 0
[09/May/2026 19:06:35] "GET /problems/binary-search/solve/ HTTP/1.1" 200 5612
